<?xml version="1.0" encoding="UTF-8"?>
<!-- Generated by org.testng.reporters.JUnitReportReporter -->
<testsuite skipped="0" hostname="A2ML30057" name="executeEngine.DriverScript" tests="1" failures="0" timestamp="2020-06-08T17:09:14 IST" time="412.964" errors="0">
  <testcase name="moduleData" time="412.964" classname="executeEngine.DriverScript"/>
</testsuite> <!-- executeEngine.DriverScript -->
